0 info it worked if it ends with ok
1 verbose cli [ '/usr/local/bin/node',
1 verbose cli   '/usr/local/bin/npm',
1 verbose cli   'install',
1 verbose cli   'apt-get' ]
2 info using npm@3.10.3
3 info using node@v6.4.0
4 silly loadCurrentTree Starting
5 silly install loadCurrentTree
6 silly install readLocalPackageData
7 silly fetchPackageMetaData apt-get
8 silly fetchNamedPackageData apt-get
9 silly mapToRegistry name apt-get
10 silly mapToRegistry using default registry
11 silly mapToRegistry registry https://registry.npmjs.org/
12 silly mapToRegistry data Result {
12 silly mapToRegistry   raw: 'apt-get',
12 silly mapToRegistry   scope: null,
12 silly mapToRegistry   escapedName: 'apt-get',
12 silly mapToRegistry   name: 'apt-get',
12 silly mapToRegistry   rawSpec: '',
12 silly mapToRegistry   spec: 'latest',
12 silly mapToRegistry   type: 'tag' }
13 silly mapToRegistry uri https://registry.npmjs.org/apt-get
14 verbose request uri https://registry.npmjs.org/apt-get
15 verbose request no auth needed
16 info attempt registry request try #1 at 9:58:57 PM
17 verbose request using bearer token for auth
18 verbose request id 9112d9c42d8c87f8
19 http request GET https://registry.npmjs.org/apt-get
20 http 200 https://registry.npmjs.org/apt-get
21 verbose headers { server: 'nginx/1.10.1',
21 verbose headers   'content-type': 'application/json',
21 verbose headers   'last-modified': 'Mon, 28 Jul 2014 11:43:26 GMT',
21 verbose headers   etag: 'W/"53d6375e-ed5"',
21 verbose headers   'content-encoding': 'gzip',
21 verbose headers   'cache-control': 'max-age=300',
21 verbose headers   'transfer-encoding': 'chunked',
21 verbose headers   'accept-ranges': 'bytes',
21 verbose headers   date: 'Tue, 27 Jun 2017 20:58:51 GMT',
21 verbose headers   via: '1.1 varnish',
21 verbose headers   connection: 'keep-alive',
21 verbose headers   'x-served-by': 'cache-lhr6320-LHR',
21 verbose headers   'x-cache': 'MISS',
21 verbose headers   'x-cache-hits': '0',
21 verbose headers   'x-timer': 'S1498597131.115534,VS0,VE59',
21 verbose headers   vary: 'Accept-Encoding' }
22 silly get cb [ 200,
22 silly get   { server: 'nginx/1.10.1',
22 silly get     'content-type': 'application/json',
22 silly get     'last-modified': 'Mon, 28 Jul 2014 11:43:26 GMT',
22 silly get     etag: 'W/"53d6375e-ed5"',
22 silly get     'content-encoding': 'gzip',
22 silly get     'cache-control': 'max-age=300',
22 silly get     'transfer-encoding': 'chunked',
22 silly get     'accept-ranges': 'bytes',
22 silly get     date: 'Tue, 27 Jun 2017 20:58:51 GMT',
22 silly get     via: '1.1 varnish',
22 silly get     connection: 'keep-alive',
22 silly get     'x-served-by': 'cache-lhr6320-LHR',
22 silly get     'x-cache': 'MISS',
22 silly get     'x-cache-hits': '0',
22 silly get     'x-timer': 'S1498597131.115534,VS0,VE59',
22 silly get     vary: 'Accept-Encoding' } ]
23 verbose get saving apt-get to /Users/laura.carvajal/.npm/registry.npmjs.org/apt-get/.cache.json
24 verbose correctMkdir /Users/laura.carvajal/.npm correctMkdir not in flight; initializing
25 silly install normalizeTree
26 silly loadCurrentTree Finishing
27 silly loadIdealTree Starting
28 silly install loadIdealTree
29 silly cloneCurrentTree Starting
30 silly install cloneCurrentTreeToIdealTree
31 silly cloneCurrentTree Finishing
32 silly loadShrinkwrap Starting
33 silly install loadShrinkwrap
34 silly loadShrinkwrap Finishing
35 silly loadAllDepsIntoIdealTree Starting
36 silly install loadAllDepsIntoIdealTree
37 silly rollbackFailedOptional Starting
38 silly rollbackFailedOptional Finishing
39 silly runTopLevelLifecycles Starting
40 silly runTopLevelLifecycles Finishing
41 silly install printInstalled
42 verbose stack Error: Unsupported platform for apt-get@0.1.0: wanted {"name":"apt-get","version":"0.1.0","private":false,"homepage":"https://github.com/Holusion/node-apt-get","keywords":["apt","apt-get","update","upgrade","debian","ubuntu"],"author":{"name":"Sebastien Dumetz","email":"s.dumetz@holusion.com","url":"https://github.com/klepthys"},"contributors":[{"name":"Maxime Chaveroche"},{"name":"Kenza Khamaily"}],"scripts":{"start":"NODE_ENV=development ./node_modules/.bin/supervisor app.js","test":"mocha --reporter spec"},"main":"index.js","os":["linux"],"devDependencies":{"mocha":"*","chai":"*","rewire":"*"},"description":"","_id":"apt-get@0.1.0","dist":{"shasum":"6bea420038faca0365097b4eaef0c06b327991ca","tarball":"https://registry.npmjs.org/apt-get/-/apt-get-0.1.0.tgz"},"_from":"apt-get","_npmVersion":"1.4.3","_npmUser":{"name":"klepthys","email":"s.dumetz@holusion.com"},"maintainers":[{"name":"klepthys","email":"s.dumetz@holusion.com"}],"directories":{},"_resolved":"https://registry.npmjs.org/apt-get/-/apt-get-0.1.0.tgz","_shasum":"6bea420038faca0365097b4eaef0c06b327991ca","_requested":{"raw":"apt-get","scope":null,"escapedName":"apt-get","name":"apt-get","rawSpec":"","spec":"latest","type":"tag"},"_spec":"apt-get","_where":"/Users/laura.carvajal/personal/bsl-bot","_args":[[{"raw":"apt-get","scope":null,"escapedName":"apt-get","name":"apt-get","rawSpec":"","spec":"latest","type":"tag"},"/Users/laura.carvajal/personal/bsl-bot"]],"readme":"ERROR: No README data found!"} (current: {"os":"darwin","cpu":"x64"})
42 verbose stack     at checkPlatform (/usr/local/lib/node_modules/npm/node_modules/npm-install-checks/index.js:45:14)
42 verbose stack     at thenWarnEngineIssues (/usr/local/lib/node_modules/npm/lib/install/validate-args.js:41:5)
42 verbose stack     at /usr/local/lib/node_modules/npm/node_modules/iferr/index.js:13:50
42 verbose stack     at checkEngine (/usr/local/lib/node_modules/npm/node_modules/npm-install-checks/index.js:10:20)
42 verbose stack     at module.exports.isInstallable (/usr/local/lib/node_modules/npm/lib/install/validate-args.js:38:3)
42 verbose stack     at Array.<anonymous> (/usr/local/lib/node_modules/npm/node_modules/slide/lib/bind-actor.js:15:8)
42 verbose stack     at LOOP (/usr/local/lib/node_modules/npm/node_modules/slide/lib/chain.js:15:14)
42 verbose stack     at /usr/local/lib/node_modules/npm/node_modules/slide/lib/chain.js:18:7
42 verbose stack     at checkSelf (/usr/local/lib/node_modules/npm/lib/install/validate-args.js:46:72)
42 verbose stack     at Array.<anonymous> (/usr/local/lib/node_modules/npm/node_modules/slide/lib/bind-actor.js:15:8)
43 verbose pkgid apt-get@0.1.0
44 verbose cwd /Users/laura.carvajal/personal/bsl-bot
45 error Darwin 16.6.0
46 error argv "/usr/local/bin/node" "/usr/local/bin/npm" "install" "apt-get"
47 error node v6.4.0
48 error npm  v3.10.3
49 error code EBADPLATFORM
50 error notsup Not compatible with your operating system or architecture: apt-get@0.1.0
51 error notsup Valid OS:    linux
51 error notsup Valid Arch:  any
51 error notsup Actual OS:   darwin
51 error notsup Actual Arch: x64
52 verbose exit [ 1, true ]
